Copyright 1986-2022 Xilinx, Inc. All Rights Reserved. Copyright 2022-2024 Advanced Micro Devices, Inc. All Rights Reserved.
--------------------------------------------------------------------------------------------------------------------------------------------------
| Tool Version      : Vivado v.2024.1 (win64) Build 5076996 Wed May 22 18:37:14 MDT 2024
| Date              : Thu Oct  3 15:33:45 2024
| Host              : BDCGEHARRIS01 running 64-bit major release  (build 9200)
| Command           : report_clock_utilization -file TopMi400EamPoc_clock_utilization_routed.rpt
| Design            : TopMi400EamPoc
| Device            : xcau25p-ffvb676
| Speed File        : -2  PRODUCTION 1.29 05-01-2022
| Temperature Grade : E
| Design State      : Routed
--------------------------------------------------------------------------------------------------------------------------------------------------

Clock Utilization Report

Table of Contents
-----------------
1. Clock Primitive Utilization
2. Global Clock Resources
3. Global Clock Source Details
4. Clock Regions : Clock Primitives
5. Clock Regions : Load Primitives
6. Clock Regions : Global Clock Summary
7. Clock Regions : Routing Resource Utilization
8. Device Cell Placement Summary for Global Clock g0
9. Device Cell Placement Summary for Global Clock g1
10. Device Cell Placement Summary for Global Clock g2
11. Device Cell Placement Summary for Global Clock g3
12. Device Cell Placement Summary for Global Clock g4
13. Device Cell Placement Summary for Global Clock g5
14. Device Cell Placement Summary for Global Clock g6
15. Clock Region Cell Placement per Global Clock: Region X2Y0
16. Clock Region Cell Placement per Global Clock: Region X3Y0
17. Clock Region Cell Placement per Global Clock: Region X2Y1
18. Clock Region Cell Placement per Global Clock: Region X3Y1
19. Clock Region Cell Placement per Global Clock: Region X3Y2

1. Clock Primitive Utilization
------------------------------

+------------+------+-----------+-----+--------------+--------+
| Type       | Used | Available | LOC | Clock Region | Pblock |
+------------+------+-----------+-----+--------------+--------+
| BUFGCE     |    1 |       112 |   0 |            0 |      0 |
| BUFGCE_DIV |    0 |        16 |   0 |            0 |      0 |
| BUFGCTRL   |    0 |        32 |   0 |            0 |      0 |
| BUFG_GT    |    6 |        96 |   0 |            0 |      0 |
| MMCM       |    0 |         4 |   0 |            0 |      0 |
| PLL        |    0 |         8 |   0 |            0 |      0 |
+------------+------+-----------+-----+--------------+--------+


2. Global Clock Resources
-------------------------

+-----------+-----------+-----------------+------------+---------------+--------------+------+-------------------+------------------+-------------------+-------------+-----------------+--------------+-------------------------------------------------------------------------------------------------------------------------------------------------------------------------------------------------------------------------------------------------------------------------------------------------------------------------------------------------------------------------------------------------------------------------------------------------------------------+-------------------------------------------------------------------------------------------------------------------------------------------------------------------------------------------------------------------------------------------------------------------------------------------------------------------------------------------------------------------------------------------------------------------------------------------------------------------+----------------------------------------------------------------------------------------------------------------------------------------------------------------------------------------------------------------------------------------------------------------------------------------------------------------------------------------------------------------------------------------------------------------------------------------------------+
| Global Id | Source Id | Driver Type/Pin | Constraint | Site          | Clock Region | Root | Clock Delay Group | Clock Low Fanout | Load Clock Region | Clock Loads | Non-Clock Loads | Clock Period | Clock                                                                                                                                                                                                                                                                                                                                                                                                                                                             | Driver Pin                                                                                                                                                                                                                                                                                                                                                                                                                                                        | Net                                                                                                                                                                                                                                                                                                                                                                                                                                                |
+-----------+-----------+-----------------+------------+---------------+--------------+------+-------------------+------------------+-------------------+-------------+-----------------+--------------+-------------------------------------------------------------------------------------------------------------------------------------------------------------------------------------------------------------------------------------------------------------------------------------------------------------------------------------------------------------------------------------------------------------------------------------------------------------------+-------------------------------------------------------------------------------------------------------------------------------------------------------------------------------------------------------------------------------------------------------------------------------------------------------------------------------------------------------------------------------------------------------------------------------------------------------------------+----------------------------------------------------------------------------------------------------------------------------------------------------------------------------------------------------------------------------------------------------------------------------------------------------------------------------------------------------------------------------------------------------------------------------------------------------+
| g0        | src0      | BUFG_GT/O       | None       | BUFG_GT_X0Y43 | X3Y1         | X2Y0 |                   |                  |                 4 |       11025 |               0 |        8.000 | AxiBusClock                                                                                                                                                                                                                                                                                                                                                                                                                                                       | PcieBridge_i/xdma_0/inst/pcie4_ip_i/inst/PcieBridge_xdma_0_0_pcie4_ip_gt_top_i/diablo_gt.diablo_gt_phy_wrapper/phy_clk_i/bufg_gt_userclk/O                                                                                                                                                                                                                                                                                                                        | PcieBridge_i/xdma_0/inst/pcie4_ip_i/inst/PcieBridge_xdma_0_0_pcie4_ip_gt_top_i/diablo_gt.diablo_gt_phy_wrapper/phy_clk_i/CLK_USERCLK                                                                                                                                                                                                                                                                                                               |
| g1        | src0      | BUFG_GT/O       | None       | BUFG_GT_X0Y46 | X3Y1         | X2Y0 |                   |                  |                 3 |        1932 |               0 |        4.000 | PcieBridge_xdma_0_0_pcie4_ip_gt_top_i_n_15                                                                                                                                                                                                                                                                                                                                                                                                                        | PcieBridge_i/xdma_0/inst/pcie4_ip_i/inst/PcieBridge_xdma_0_0_pcie4_ip_gt_top_i/diablo_gt.diablo_gt_phy_wrapper/phy_clk_i/bufg_gt_coreclk/O                                                                                                                                                                                                                                                                                                                        | PcieBridge_i/xdma_0/inst/pcie4_ip_i/inst/PcieBridge_xdma_0_0_pcie4_ip_gt_top_i/diablo_gt.diablo_gt_phy_wrapper/phy_clk_i/CLK_CORECLK                                                                                                                                                                                                                                                                                                               |
| g2        | src0      | BUFG_GT/O       | None       | BUFG_GT_X0Y44 | X3Y1         | X2Y0 |                   |                  |                 2 |         299 |               0 |        4.000 | pipe_clk                                                                                                                                                                                                                                                                                                                                                                                                                                                          | PcieBridge_i/xdma_0/inst/pcie4_ip_i/inst/PcieBridge_xdma_0_0_pcie4_ip_gt_top_i/diablo_gt.diablo_gt_phy_wrapper/phy_clk_i/bufg_gt_pclk/O                                                                                                                                                                                                                                                                                                                           | PcieBridge_i/xdma_0/inst/pcie4_ip_i/inst/PcieBridge_xdma_0_0_pcie4_ip_gt_top_i/diablo_gt.diablo_gt_phy_wrapper/phy_clk_i/CLK_PCLK2_GT                                                                                                                                                                                                                                                                                                              |
| g3        | src0      | BUFG_GT/O       | None       | BUFG_GT_X0Y47 | X3Y1         | X3Y1 |                   |                  |                 1 |          31 |               0 |        8.000 | PcieBridge_i/xdma_0/inst/pcie4_ip_i/inst/PcieBridge_xdma_0_0_pcie4_ip_gt_top_i/diablo_gt.diablo_gt_phy_wrapper/gt_wizard.gtwizard_top_i/PcieBridge_xdma_0_0_pcie4_ip_gt_i/inst/gen_gtwizard_gtye4_top.PcieBridge_xdma_0_0_pcie4_ip_gt_gtwizard_gtye4_inst/gen_gtwizard_gtye4.gen_cpll_cal_gtye4.gen_cpll_cal_inst[0].gen_inst_cpll_cal.gtwizard_ultrascale_v1_7_18_gtye4_cpll_cal_inst/gtwizard_ultrascale_v1_7_18_gtye4_cpll_cal_tx_i/bufg_gt_txoutclkmon_inst/O | PcieBridge_i/xdma_0/inst/pcie4_ip_i/inst/PcieBridge_xdma_0_0_pcie4_ip_gt_top_i/diablo_gt.diablo_gt_phy_wrapper/gt_wizard.gtwizard_top_i/PcieBridge_xdma_0_0_pcie4_ip_gt_i/inst/gen_gtwizard_gtye4_top.PcieBridge_xdma_0_0_pcie4_ip_gt_gtwizard_gtye4_inst/gen_gtwizard_gtye4.gen_cpll_cal_gtye4.gen_cpll_cal_inst[0].gen_inst_cpll_cal.gtwizard_ultrascale_v1_7_18_gtye4_cpll_cal_inst/gtwizard_ultrascale_v1_7_18_gtye4_cpll_cal_tx_i/bufg_gt_txoutclkmon_inst/O | PcieBridge_i/xdma_0/inst/pcie4_ip_i/inst/PcieBridge_xdma_0_0_pcie4_ip_gt_top_i/diablo_gt.diablo_gt_phy_wrapper/gt_wizard.gtwizard_top_i/PcieBridge_xdma_0_0_pcie4_ip_gt_i/inst/gen_gtwizard_gtye4_top.PcieBridge_xdma_0_0_pcie4_ip_gt_gtwizard_gtye4_inst/gen_gtwizard_gtye4.gen_cpll_cal_gtye4.gen_cpll_cal_inst[0].gen_inst_cpll_cal.gtwizard_ultrascale_v1_7_18_gtye4_cpll_cal_inst/gtwizard_ultrascale_v1_7_18_gtye4_cpll_cal_tx_i/txoutclkmon |
| g4        | src0      | BUFG_GT/O       | None       | BUFG_GT_X0Y45 | X3Y1         | X3Y1 |                   |                  |                 1 |          13 |               0 |     1000.000 | PcieBridge_i/xdma_0/inst/pcie4_ip_i/inst/PcieBridge_xdma_0_0_pcie4_ip_gt_top_i/diablo_gt.diablo_gt_phy_wrapper/phy_clk_i/bufg_gt_intclk/O                                                                                                                                                                                                                                                                                                                         | PcieBridge_i/xdma_0/inst/pcie4_ip_i/inst/PcieBridge_xdma_0_0_pcie4_ip_gt_top_i/diablo_gt.diablo_gt_phy_wrapper/phy_clk_i/bufg_gt_intclk/O                                                                                                                                                                                                                                                                                                                         | PcieBridge_i/xdma_0/inst/pcie4_ip_i/inst/PcieBridge_xdma_0_0_pcie4_ip_gt_top_i/diablo_gt.diablo_gt_phy_wrapper/phy_clk_i/CLK_INTCLK                                                                                                                                                                                                                                                                                                                |
| g5        | src1      | BUFG_GT/O       | None       | BUFG_GT_X0Y42 | X3Y1         | X3Y1 |                   |                  |                 2 |         482 |               0 |       10.000 | PCIE_CLOCK_P                                                                                                                                                                                                                                                                                                                                                                                                                                                      | PcieBridge_i/xdma_0/inst/pcie4_ip_i/inst/bufg_gt_sysclk/O                                                                                                                                                                                                                                                                                                                                                                                                         | PcieBridge_i/xdma_0/inst/pcie4_ip_i/inst/bufg_gt_sysclk_n_0                                                                                                                                                                                                                                                                                                                                                                                        |
| g6        | src2      | BUFGCE/O        | None       | BUFGCE_X0Y72  | X0Y3         | X3Y1 |                   |                  |                 1 |          92 |               0 |       33.333 | PcieBridge_i/mdm_0/U0/Use_E2.BSCAN_I/Use_E2.BSCANE2_I/DRCK                                                                                                                                                                                                                                                                                                                                                                                                        | PcieBridge_i/mdm_0/U0/No_Dbg_Reg_Access.BUFG_DRCK/Using_FPGA.Native/O                                                                                                                                                                                                                                                                                                                                                                                             | PcieBridge_i/mdm_0/U0/No_Dbg_Reg_Access.BUFG_DRCK/Dbg_Clk_0                                                                                                                                                                                                                                                                                                                                                                                        |
+-----------+-----------+-----------------+------------+---------------+--------------+------+-------------------+------------------+-------------------+-------------+-----------------+--------------+-------------------------------------------------------------------------------------------------------------------------------------------------------------------------------------------------------------------------------------------------------------------------------------------------------------------------------------------------------------------------------------------------------------------------------------------------------------------+-------------------------------------------------------------------------------------------------------------------------------------------------------------------------------------------------------------------------------------------------------------------------------------------------------------------------------------------------------------------------------------------------------------------------------------------------------------------+----------------------------------------------------------------------------------------------------------------------------------------------------------------------------------------------------------------------------------------------------------------------------------------------------------------------------------------------------------------------------------------------------------------------------------------------------+
* Clock Loads column represents cell count of net connects that connect to a clock pin. Internal cell leaf pins are not considered
** Non-Clock Loads column represents cell count of non-clock pin loads


3. Global Clock Source Details
------------------------------

+-----------+-----------+------------------------+--------------------+--------------------+--------------+-------------+-----------------+---------------------+------------------------------------------------------------+------------------------------------------------------------------------------------------------------------------------------------------------------------------------------------------------------------------------------------------------------------------------------------------------------------------------------------------------------------------------------------------------------------------------------------------------+-----------------------------------------------------------------------------------------------------------------------------------------------------------------------------------------------------------------------------------------------------------------------------------------------------------------------------------------------------------------------------------+
| Source Id | Global Id | Driver Type/Pin        | Constraint         | Site               | Clock Region | Clock Loads | Non-Clock Loads | Source Clock Period | Source Clock                                               | Driver Pin                                                                                                                                                                                                                                                                                                                                                                                                                                     | Net                                                                                                                                                                                                                                                                                                                                                                               |
+-----------+-----------+------------------------+--------------------+--------------------+--------------+-------------+-----------------+---------------------+------------------------------------------------------------+------------------------------------------------------------------------------------------------------------------------------------------------------------------------------------------------------------------------------------------------------------------------------------------------------------------------------------------------------------------------------------------------------------------------------------------------+-----------------------------------------------------------------------------------------------------------------------------------------------------------------------------------------------------------------------------------------------------------------------------------------------------------------------------------------------------------------------------------+
| src0      | g0        | GTYE4_CHANNEL/TXOUTCLK | GTYE4_CHANNEL_X0Y7 | GTYE4_CHANNEL_X0Y7 | X3Y1         |           6 |               0 |               2.000 | txoutclk_out[0]                                            | PcieBridge_i/xdma_0/inst/pcie4_ip_i/inst/PcieBridge_xdma_0_0_pcie4_ip_gt_top_i/diablo_gt.diablo_gt_phy_wrapper/gt_wizard.gtwizard_top_i/PcieBridge_xdma_0_0_pcie4_ip_gt_i/inst/gen_gtwizard_gtye4_top.PcieBridge_xdma_0_0_pcie4_ip_gt_gtwizard_gtye4_inst/gen_gtwizard_gtye4.gen_channel_container[1].gen_enabled_channel.gtye4_channel_wrapper_inst/channel_inst/gtye4_channel_gen.gen_gtye4_channel_inst[0].GTYE4_CHANNEL_PRIM_INST/TXOUTCLK | PcieBridge_i/xdma_0/inst/pcie4_ip_i/inst/PcieBridge_xdma_0_0_pcie4_ip_gt_top_i/diablo_gt.diablo_gt_phy_wrapper/gt_wizard.gtwizard_top_i/PcieBridge_xdma_0_0_pcie4_ip_gt_i/inst/gen_gtwizard_gtye4_top.PcieBridge_xdma_0_0_pcie4_ip_gt_gtwizard_gtye4_inst/gen_gtwizard_gtye4.gen_channel_container[1].gen_enabled_channel.gtye4_channel_wrapper_inst/channel_inst/txoutclk_out[0] |
| src0      | g1        | GTYE4_CHANNEL/TXOUTCLK | GTYE4_CHANNEL_X0Y7 | GTYE4_CHANNEL_X0Y7 | X3Y1         |           6 |               0 |               2.000 | txoutclk_out[0]                                            | PcieBridge_i/xdma_0/inst/pcie4_ip_i/inst/PcieBridge_xdma_0_0_pcie4_ip_gt_top_i/diablo_gt.diablo_gt_phy_wrapper/gt_wizard.gtwizard_top_i/PcieBridge_xdma_0_0_pcie4_ip_gt_i/inst/gen_gtwizard_gtye4_top.PcieBridge_xdma_0_0_pcie4_ip_gt_gtwizard_gtye4_inst/gen_gtwizard_gtye4.gen_channel_container[1].gen_enabled_channel.gtye4_channel_wrapper_inst/channel_inst/gtye4_channel_gen.gen_gtye4_channel_inst[0].GTYE4_CHANNEL_PRIM_INST/TXOUTCLK | PcieBridge_i/xdma_0/inst/pcie4_ip_i/inst/PcieBridge_xdma_0_0_pcie4_ip_gt_top_i/diablo_gt.diablo_gt_phy_wrapper/gt_wizard.gtwizard_top_i/PcieBridge_xdma_0_0_pcie4_ip_gt_i/inst/gen_gtwizard_gtye4_top.PcieBridge_xdma_0_0_pcie4_ip_gt_gtwizard_gtye4_inst/gen_gtwizard_gtye4.gen_channel_container[1].gen_enabled_channel.gtye4_channel_wrapper_inst/channel_inst/txoutclk_out[0] |
| src0      | g2        | GTYE4_CHANNEL/TXOUTCLK | GTYE4_CHANNEL_X0Y7 | GTYE4_CHANNEL_X0Y7 | X3Y1         |           6 |               0 |               2.000 | txoutclk_out[0]                                            | PcieBridge_i/xdma_0/inst/pcie4_ip_i/inst/PcieBridge_xdma_0_0_pcie4_ip_gt_top_i/diablo_gt.diablo_gt_phy_wrapper/gt_wizard.gtwizard_top_i/PcieBridge_xdma_0_0_pcie4_ip_gt_i/inst/gen_gtwizard_gtye4_top.PcieBridge_xdma_0_0_pcie4_ip_gt_gtwizard_gtye4_inst/gen_gtwizard_gtye4.gen_channel_container[1].gen_enabled_channel.gtye4_channel_wrapper_inst/channel_inst/gtye4_channel_gen.gen_gtye4_channel_inst[0].GTYE4_CHANNEL_PRIM_INST/TXOUTCLK | PcieBridge_i/xdma_0/inst/pcie4_ip_i/inst/PcieBridge_xdma_0_0_pcie4_ip_gt_top_i/diablo_gt.diablo_gt_phy_wrapper/gt_wizard.gtwizard_top_i/PcieBridge_xdma_0_0_pcie4_ip_gt_i/inst/gen_gtwizard_gtye4_top.PcieBridge_xdma_0_0_pcie4_ip_gt_gtwizard_gtye4_inst/gen_gtwizard_gtye4.gen_channel_container[1].gen_enabled_channel.gtye4_channel_wrapper_inst/channel_inst/txoutclk_out[0] |
| src0      | g3        | GTYE4_CHANNEL/TXOUTCLK | GTYE4_CHANNEL_X0Y7 | GTYE4_CHANNEL_X0Y7 | X3Y1         |           6 |               0 |               2.000 | txoutclk_out[0]                                            | PcieBridge_i/xdma_0/inst/pcie4_ip_i/inst/PcieBridge_xdma_0_0_pcie4_ip_gt_top_i/diablo_gt.diablo_gt_phy_wrapper/gt_wizard.gtwizard_top_i/PcieBridge_xdma_0_0_pcie4_ip_gt_i/inst/gen_gtwizard_gtye4_top.PcieBridge_xdma_0_0_pcie4_ip_gt_gtwizard_gtye4_inst/gen_gtwizard_gtye4.gen_channel_container[1].gen_enabled_channel.gtye4_channel_wrapper_inst/channel_inst/gtye4_channel_gen.gen_gtye4_channel_inst[0].GTYE4_CHANNEL_PRIM_INST/TXOUTCLK | PcieBridge_i/xdma_0/inst/pcie4_ip_i/inst/PcieBridge_xdma_0_0_pcie4_ip_gt_top_i/diablo_gt.diablo_gt_phy_wrapper/gt_wizard.gtwizard_top_i/PcieBridge_xdma_0_0_pcie4_ip_gt_i/inst/gen_gtwizard_gtye4_top.PcieBridge_xdma_0_0_pcie4_ip_gt_gtwizard_gtye4_inst/gen_gtwizard_gtye4.gen_channel_container[1].gen_enabled_channel.gtye4_channel_wrapper_inst/channel_inst/txoutclk_out[0] |
| src0      | g4        | GTYE4_CHANNEL/TXOUTCLK | GTYE4_CHANNEL_X0Y7 | GTYE4_CHANNEL_X0Y7 | X3Y1         |           6 |               0 |               2.000 | txoutclk_out[0]                                            | PcieBridge_i/xdma_0/inst/pcie4_ip_i/inst/PcieBridge_xdma_0_0_pcie4_ip_gt_top_i/diablo_gt.diablo_gt_phy_wrapper/gt_wizard.gtwizard_top_i/PcieBridge_xdma_0_0_pcie4_ip_gt_i/inst/gen_gtwizard_gtye4_top.PcieBridge_xdma_0_0_pcie4_ip_gt_gtwizard_gtye4_inst/gen_gtwizard_gtye4.gen_channel_container[1].gen_enabled_channel.gtye4_channel_wrapper_inst/channel_inst/gtye4_channel_gen.gen_gtye4_channel_inst[0].GTYE4_CHANNEL_PRIM_INST/TXOUTCLK | PcieBridge_i/xdma_0/inst/pcie4_ip_i/inst/PcieBridge_xdma_0_0_pcie4_ip_gt_top_i/diablo_gt.diablo_gt_phy_wrapper/gt_wizard.gtwizard_top_i/PcieBridge_xdma_0_0_pcie4_ip_gt_i/inst/gen_gtwizard_gtye4_top.PcieBridge_xdma_0_0_pcie4_ip_gt_gtwizard_gtye4_inst/gen_gtwizard_gtye4.gen_channel_container[1].gen_enabled_channel.gtye4_channel_wrapper_inst/channel_inst/txoutclk_out[0] |
| src1      | g5        | IBUFDS_GTE4/ODIV2      | GTYE4_COMMON_X0Y1  | GTYE4_COMMON_X0Y1  | X3Y1         |           2 |               0 |              10.000 | PCIE_CLOCK_P                                               | PcieBridge_i/util_ds_buf/U0/USE_IBUFDS_GTE4.GEN_IBUFDS_GTE4[0].IBUFDS_GTE4_I/ODIV2                                                                                                                                                                                                                                                                                                                                                             | PcieBridge_i/util_ds_buf/U0/IBUF_DS_ODIV2[0]                                                                                                                                                                                                                                                                                                                                      |
| src2      | g6        | BSCANE2/DRCK           | None               | CONFIG_SITE_X0Y0   | X3Y1         |           1 |               0 |              33.333 | PcieBridge_i/mdm_0/U0/Use_E2.BSCAN_I/Use_E2.BSCANE2_I/DRCK | PcieBridge_i/mdm_0/U0/Use_E2.BSCAN_I/Use_E2.BSCANE2_I/DRCK                                                                                                                                                                                                                                                                                                                                                                                     | PcieBridge_i/mdm_0/U0/Use_E2.BSCAN_I/DRCK                                                                                                                                                                                                                                                                                                                                         |
+-----------+-----------+------------------------+--------------------+--------------------+--------------+-------------+-----------------+---------------------+------------------------------------------------------------+------------------------------------------------------------------------------------------------------------------------------------------------------------------------------------------------------------------------------------------------------------------------------------------------------------------------------------------------------------------------------------------------------------------------------------------------+-----------------------------------------------------------------------------------------------------------------------------------------------------------------------------------------------------------------------------------------------------------------------------------------------------------------------------------------------------------------------------------+
* Clock Loads column represents cell count of net connects that connect to a clock pin. Internal cell leaf pins are not considered
** Non-Clock Loads column represents cell count of non-clock pin loads


4. Clock Regions : Clock Primitives
-----------------------------------

+-------------------+---------------+---------------+---------------+---------------+---------------+---------------+---------------+
|                   |  Global Clock |     BUFGCE    |   BUFGCE_DIV  |    BUFGCTRL   |    BUFG_GT    |      MMCM     |      PLL      |
+-------------------+-------+-------+-------+-------+-------+-------+-------+-------+-------+-------+-------+-------+-------+-------+
| Clock Region Name | Used  | Avail | Used  | Avail | Used  | Avail | Used  | Avail | Used  | Avail | Used  | Avail | Used  | Avail |
+-------------------+-------+-------+-------+-------+-------+-------+-------+-------+-------+-------+-------+-------+-------+-------+
| X0Y0              |     0 |    24 |     0 |    24 |     0 |     4 |     0 |     8 |     0 |     0 |     0 |     1 |     0 |     2 |
| X1Y0              |     0 |    24 |     0 |     4 |     0 |     0 |     0 |     0 |     0 |     0 |     0 |     0 |     0 |     0 |
| X2Y0              |     3 |    24 |     0 |     0 |     0 |     0 |     0 |     0 |     0 |     0 |     0 |     0 |     0 |     0 |
| X3Y0              |     3 |    24 |     0 |     0 |     0 |     0 |     0 |     0 |     0 |    24 |     0 |     0 |     0 |     0 |
| X0Y1              |     0 |    24 |     0 |    24 |     0 |     4 |     0 |     8 |     0 |     0 |     0 |     1 |     0 |     2 |
| X1Y1              |     0 |    24 |     0 |     4 |     0 |     0 |     0 |     0 |     0 |     0 |     0 |     0 |     0 |     0 |
| X2Y1              |     3 |    24 |     0 |     0 |     0 |     0 |     0 |     0 |     0 |     0 |     0 |     0 |     0 |     0 |
| X3Y1              |     7 |    24 |     0 |     0 |     0 |     0 |     0 |     0 |     6 |    24 |     0 |     0 |     0 |     0 |
| X0Y2              |     0 |    24 |     0 |    24 |     0 |     4 |     0 |     8 |     0 |     0 |     0 |     1 |     0 |     2 |
| X1Y2              |     0 |    24 |     0 |     4 |     0 |     0 |     0 |     0 |     0 |     0 |     0 |     0 |     0 |     0 |
| X2Y2              |     0 |    24 |     0 |     0 |     0 |     0 |     0 |     0 |     0 |     0 |     0 |     0 |     0 |     0 |
| X3Y2              |     1 |    24 |     0 |     0 |     0 |     0 |     0 |     0 |     0 |    24 |     0 |     0 |     0 |     0 |
| X0Y3              |     0 |    24 |     1 |    24 |     0 |     4 |     0 |     8 |     0 |     0 |     0 |     1 |     0 |     2 |
| X1Y3              |     0 |    24 |     0 |     4 |     0 |     0 |     0 |     0 |     0 |     0 |     0 |     0 |     0 |     0 |
| X2Y3              |     0 |    24 |     0 |     0 |     0 |     0 |     0 |     0 |     0 |     0 |     0 |     0 |     0 |     0 |
| X3Y3              |     0 |    24 |     0 |     0 |     0 |     0 |     0 |     0 |     0 |    24 |     0 |     0 |     0 |     0 |
+-------------------+-------+-------+-------+-------+-------+-------+-------+-------+-------+-------+-------+-------+-------+-------+
* Global Clock column represents track count; while other columns represents cell counts


5. Clock Regions : Load Primitives
----------------------------------

+-------------------+------------------+------------------+------------------+------------------+------------------+------------------+------------------+------------------+
|                   |   Global Clock   |        FF        |      LUTRAM      |  Block RAM (18K) |       URAM       |        DSP       |        GT        |      HARD IP     |
+-------------------+--------+---------+--------+---------+--------+---------+--------+---------+--------+---------+--------+---------+--------+---------+--------+---------+
| Clock Region Name | Used   | Avail   | Used   | Avail   | Used   | Avail   | Used   | Avail   | Used   | Avail   | Used   | Avail   | Used   | Avail   | Used   | Avail   |
+-------------------+--------+---------+--------+---------+--------+---------+--------+---------+--------+---------+--------+---------+--------+---------+--------+---------+
| X0Y0              |      0 |      24 |      0 |   27840 |      0 |    5760 |      0 |      72 |      0 |       0 |      0 |     120 |      0 |       0 |      0 |       0 |
| X1Y0              |      0 |      24 |      0 |   25920 |      0 |    6240 |      0 |      48 |      0 |       0 |      0 |     120 |      0 |       0 |      0 |       0 |
| X2Y0              |      3 |      24 |   2867 |   32640 |    107 |    6720 |     12 |      72 |      0 |      16 |      0 |     120 |      0 |       0 |      0 |       0 |
| X3Y0              |      3 |      24 |   8400 |   22080 |    111 |    6240 |     46 |      48 |      0 |       0 |      0 |      96 |      0 |       4 |      1 |       1 |
| X0Y1              |      0 |      24 |      0 |   27840 |      0 |    5760 |      0 |      72 |      0 |       0 |      0 |     120 |      0 |       0 |      0 |       0 |
| X1Y1              |      0 |      24 |      0 |   25920 |      0 |    6240 |      0 |      48 |      0 |       0 |      0 |     120 |      0 |       0 |      0 |       0 |
| X2Y1              |      3 |      24 |    314 |   32640 |      1 |    6720 |      0 |      72 |      0 |      16 |      0 |     120 |      0 |       0 |      0 |       0 |
| X3Y1              |      7 |      24 |   1969 |   22080 |     38 |    6240 |      4 |      48 |      0 |       0 |      0 |      96 |      1 |       4 |      0 |       0 |
| X0Y2              |      0 |      24 |      0 |   27840 |      0 |    5760 |      0 |      72 |      0 |       0 |      0 |     120 |      0 |       0 |      0 |       0 |
| X1Y2              |      0 |      24 |      0 |   25920 |      0 |    6240 |      0 |      48 |      0 |       0 |      0 |     120 |      0 |       0 |      0 |       0 |
| X2Y2              |      0 |      24 |      0 |   32640 |      0 |    6720 |      0 |      72 |      0 |      16 |      0 |     120 |      0 |       0 |      0 |       0 |
| X3Y2              |      1 |      24 |     27 |   22080 |      0 |    6240 |      0 |      48 |      0 |       0 |      0 |      96 |      0 |       4 |      0 |       0 |
| X0Y3              |      0 |      24 |      0 |   27840 |      0 |    5760 |      0 |      72 |      0 |       0 |      0 |     120 |      0 |       0 |      0 |       0 |
| X1Y3              |      0 |      24 |      0 |   25920 |      0 |    6240 |      0 |      48 |      0 |       0 |      0 |     120 |      0 |       0 |      0 |       0 |
| X2Y3              |      0 |      24 |      0 |   32640 |      0 |    6720 |      0 |      72 |      0 |      16 |      0 |     120 |      0 |       0 |      0 |       0 |
| X3Y3              |      0 |      24 |      0 |   22080 |      0 |    6240 |      0 |      48 |      0 |       0 |      0 |      96 |      0 |       4 |      0 |       1 |
+-------------------+--------+---------+--------+---------+--------+---------+--------+---------+--------+---------+--------+---------+--------+---------+--------+---------+
* Global Clock column represents track count; while other columns represents cell counts


6. Clock Regions : Global Clock Summary
---------------------------------------

All Modules
+----+----+----+----+----+
|    | X0 | X1 | X2 | X3 |
+----+----+----+----+----+
| Y3 |  0 |  0 |  0 |  0 |
| Y2 |  0 |  0 |  0 |  2 |
| Y1 |  0 |  0 |  3 |  7 |
| Y0 |  0 |  0 |  3 |  3 |
+----+----+----+----+----+


7. Clock Regions : Routing Resource Utilization
-----------------------------------------------

All Modules
+-------------------+----------------------+----------------------+----------------------+----------------------+
|                   |        HROUTES       |        HDISTRS       |        VROUTES       |        VDISTRS       |
+-------------------+------+-------+-------+------+-------+-------+------+-------+-------+------+-------+-------+
| Clock Region Name | Used | Avail | Util% | Used | Avail | Util% | Used | Avail | Util% | Used | Avail | Util% |
+-------------------+------+-------+-------+------+-------+-------+------+-------+-------+------+-------+-------+
| X0Y0              |    0 |    24 |  0.00 |    0 |    24 |  0.00 |    0 |    24 |  0.00 |    0 |    24 |  0.00 |
| X1Y0              |    0 |    24 |  0.00 |    0 |    24 |  0.00 |    0 |    24 |  0.00 |    0 |    24 |  0.00 |
| X2Y0              |    0 |    24 |  0.00 |    3 |    24 | 12.50 |    3 |    24 | 12.50 |    3 |    24 | 12.50 |
| X3Y0              |    0 |    24 |  0.00 |    3 |    24 | 12.50 |    0 |    24 |  0.00 |    0 |    24 |  0.00 |
| X0Y1              |    0 |    24 |  0.00 |    0 |    24 |  0.00 |    0 |    24 |  0.00 |    0 |    24 |  0.00 |
| X1Y1              |    0 |    24 |  0.00 |    0 |    24 |  0.00 |    0 |    24 |  0.00 |    0 |    24 |  0.00 |
| X2Y1              |    3 |    24 | 12.50 |    3 |    24 | 12.50 |    3 |    24 | 12.50 |    0 |    24 |  0.00 |
| X3Y1              |    7 |    24 | 29.17 |    7 |    24 | 29.17 |    1 |    24 |  4.17 |    2 |    24 |  8.33 |
| X0Y2              |    0 |    24 |  0.00 |    0 |    24 |  0.00 |    0 |    24 |  0.00 |    0 |    24 |  0.00 |
| X1Y2              |    0 |    24 |  0.00 |    0 |    24 |  0.00 |    0 |    24 |  0.00 |    0 |    24 |  0.00 |
| X2Y2              |    0 |    24 |  0.00 |    0 |    24 |  0.00 |    0 |    24 |  0.00 |    0 |    24 |  0.00 |
| X3Y2              |    0 |    24 |  0.00 |    1 |    24 |  4.17 |    1 |    24 |  4.17 |    0 |    24 |  0.00 |
| X0Y3              |    2 |    24 |  8.33 |    0 |    24 |  0.00 |    0 |    24 |  0.00 |    0 |    24 |  0.00 |
| X1Y3              |    2 |    24 |  8.33 |    0 |    24 |  0.00 |    0 |    24 |  0.00 |    0 |    24 |  0.00 |
| X2Y3              |    2 |    24 |  8.33 |    0 |    24 |  0.00 |    0 |    24 |  0.00 |    0 |    24 |  0.00 |
| X3Y3              |    1 |    24 |  4.17 |    0 |    24 |  0.00 |    1 |    24 |  4.17 |    0 |    24 |  0.00 |
+-------------------+------+-------+-------+------+-------+-------+------+-------+-------+------+-------+-------+


8. Device Cell Placement Summary for Global Clock g0
----------------------------------------------------

+-----------+-----------------+-------------------+-------------+-------------+---------------+----------+-------------+----------+----------------+----------+--------------------------------------------------------------------------------------------------------------------------------------+
| Global Id | Driver Type/Pin | Driver Region (D) | Clock       | Period (ns) | Waveform (ns) | Root (R) | Slice Loads | IO Loads | Clocking Loads | GT Loads | Net                                                                                                                                  |
+-----------+-----------------+-------------------+-------------+-------------+---------------+----------+-------------+----------+----------------+----------+--------------------------------------------------------------------------------------------------------------------------------------+
| g0        | BUFG_GT/O       | X3Y1              | AxiBusClock |       8.000 | {0.000 4.000} | X2Y0     |       11025 |        0 |              0 |        0 | PcieBridge_i/xdma_0/inst/pcie4_ip_i/inst/PcieBridge_xdma_0_0_pcie4_ip_gt_top_i/diablo_gt.diablo_gt_phy_wrapper/phy_clk_i/CLK_USERCLK |
+-----------+-----------------+-------------------+-------------+-------------+---------------+----------+-------------+----------+----------------+----------+--------------------------------------------------------------------------------------------------------------------------------------+
* Slice Loads column represents load cell count of all cell types other than IO, GT and clock resources
** IO Loads column represents load cell count of IO types
*** Clocking Loads column represents load cell count that are clock resources (global clock buffer, MMCM, PLL, etc)
**** GT Loads column represents load cell count of GT types


+----+----+----+----------+-----------+-----------------------+
|    | X0 | X1 | X2       | X3        | HORIZONTAL PROG DELAY |
+----+----+----+----------+-----------+-----------------------+
| Y3 |  0 |  0 |        0 |         0 |                     - |
| Y2 |  0 |  0 |        0 |         0 |                     - |
| Y1 |  0 |  0 |      315 |  (D) 1093 |                     0 |
| Y0 |  0 |  0 | (R) 2978 |      6639 |                     0 |
+----+----+----+----------+-----------+-----------------------+


9. Device Cell Placement Summary for Global Clock g1
----------------------------------------------------

+-----------+-----------------+-------------------+--------------------------------------------+-------------+---------------+----------+-------------+----------+----------------+----------+--------------------------------------------------------------------------------------------------------------------------------------+
| Global Id | Driver Type/Pin | Driver Region (D) | Clock                                      | Period (ns) | Waveform (ns) | Root (R) | Slice Loads | IO Loads | Clocking Loads | GT Loads | Net                                                                                                                                  |
+-----------+-----------------+-------------------+--------------------------------------------+-------------+---------------+----------+-------------+----------+----------------+----------+--------------------------------------------------------------------------------------------------------------------------------------+
| g1        | BUFG_GT/O       | X3Y1              | PcieBridge_xdma_0_0_pcie4_ip_gt_top_i_n_15 |       4.000 | {0.000 2.000} | X2Y0     |        1932 |        0 |              0 |        0 | PcieBridge_i/xdma_0/inst/pcie4_ip_i/inst/PcieBridge_xdma_0_0_pcie4_ip_gt_top_i/diablo_gt.diablo_gt_phy_wrapper/phy_clk_i/CLK_CORECLK |
+-----------+-----------------+-------------------+--------------------------------------------+-------------+---------------+----------+-------------+----------+----------------+----------+--------------------------------------------------------------------------------------------------------------------------------------+
* Slice Loads column represents load cell count of all cell types other than IO, GT and clock resources
** IO Loads column represents load cell count of IO types
*** Clocking Loads column represents load cell count that are clock resources (global clock buffer, MMCM, PLL, etc)
**** GT Loads column represents load cell count of GT types


+----+----+----+-------+---------+-----------------------+
|    | X0 | X1 | X2    | X3      | HORIZONTAL PROG DELAY |
+----+----+----+-------+---------+-----------------------+
| Y3 |  0 |  0 |     0 |       0 |                     - |
| Y2 |  0 |  0 |     0 |       0 |                     - |
| Y1 |  0 |  0 |     0 |  (D) 38 |                     0 |
| Y0 |  0 |  0 | (R) 3 |    1891 |                     0 |
+----+----+----+-------+---------+-----------------------+


10. Device Cell Placement Summary for Global Clock g2
-----------------------------------------------------

+-----------+-----------------+-------------------+----------+-------------+---------------+----------+-------------+----------+----------------+----------+---------------------------------------------------------------------------------------------------------------------------------------+
| Global Id | Driver Type/Pin | Driver Region (D) | Clock    | Period (ns) | Waveform (ns) | Root (R) | Slice Loads | IO Loads | Clocking Loads | GT Loads | Net                                                                                                                                   |
+-----------+-----------------+-------------------+----------+-------------+---------------+----------+-------------+----------+----------------+----------+---------------------------------------------------------------------------------------------------------------------------------------+
| g2        | BUFG_GT/O       | X3Y1              | pipe_clk |       4.000 | {0.000 2.000} | X2Y0     |         298 |        0 |              0 |        1 | PcieBridge_i/xdma_0/inst/pcie4_ip_i/inst/PcieBridge_xdma_0_0_pcie4_ip_gt_top_i/diablo_gt.diablo_gt_phy_wrapper/phy_clk_i/CLK_PCLK2_GT |
+-----------+-----------------+-------------------+----------+-------------+---------------+----------+-------------+----------+----------------+----------+---------------------------------------------------------------------------------------------------------------------------------------+
* Slice Loads column represents load cell count of all cell types other than IO, GT and clock resources
** IO Loads column represents load cell count of IO types
*** Clocking Loads column represents load cell count that are clock resources (global clock buffer, MMCM, PLL, etc)
**** GT Loads column represents load cell count of GT types


+----+----+----+-------+----------+-----------------------+
|    | X0 | X1 | X2    | X3       | HORIZONTAL PROG DELAY |
+----+----+----+-------+----------+-----------------------+
| Y3 |  0 |  0 |     0 |        0 |                     - |
| Y2 |  0 |  0 |     0 |        0 |                     - |
| Y1 |  0 |  0 |     0 |  (D) 292 |                     0 |
| Y0 |  0 |  0 | (R) 0 |        7 |                     0 |
+----+----+----+-------+----------+-----------------------+


11. Device Cell Placement Summary for Global Clock g3
-----------------------------------------------------

+-----------+-----------------+-------------------+-------------------------------------------------------------------------------------------------------------------------------------------------------------------------------------------------------------------------------------------------------------------------------------------------------------------------------------------------------------------------------------------------------------------------------------------------------------------+-------------+---------------+----------+-------------+----------+----------------+----------+----------------------------------------------------------------------------------------------------------------------------------------------------------------------------------------------------------------------------------------------------------------------------------------------------------------------------------------------------------------------------------------------------------------------------------------------------+
| Global Id | Driver Type/Pin | Driver Region (D) | Clock                                                                                                                                                                                                                                                                                                                                                                                                                                                             | Period (ns) | Waveform (ns) | Root (R) | Slice Loads | IO Loads | Clocking Loads | GT Loads | Net                                                                                                                                                                                                                                                                                                                                                                                                                                                |
+-----------+-----------------+-------------------+-------------------------------------------------------------------------------------------------------------------------------------------------------------------------------------------------------------------------------------------------------------------------------------------------------------------------------------------------------------------------------------------------------------------------------------------------------------------+-------------+---------------+----------+-------------+----------+----------------+----------+----------------------------------------------------------------------------------------------------------------------------------------------------------------------------------------------------------------------------------------------------------------------------------------------------------------------------------------------------------------------------------------------------------------------------------------------------+
| g3        | BUFG_GT/O       | X3Y1              | PcieBridge_i/xdma_0/inst/pcie4_ip_i/inst/PcieBridge_xdma_0_0_pcie4_ip_gt_top_i/diablo_gt.diablo_gt_phy_wrapper/gt_wizard.gtwizard_top_i/PcieBridge_xdma_0_0_pcie4_ip_gt_i/inst/gen_gtwizard_gtye4_top.PcieBridge_xdma_0_0_pcie4_ip_gt_gtwizard_gtye4_inst/gen_gtwizard_gtye4.gen_cpll_cal_gtye4.gen_cpll_cal_inst[0].gen_inst_cpll_cal.gtwizard_ultrascale_v1_7_18_gtye4_cpll_cal_inst/gtwizard_ultrascale_v1_7_18_gtye4_cpll_cal_tx_i/bufg_gt_txoutclkmon_inst/O |       8.000 | {0.000 4.000} | X3Y1     |          31 |        0 |              0 |        0 | PcieBridge_i/xdma_0/inst/pcie4_ip_i/inst/PcieBridge_xdma_0_0_pcie4_ip_gt_top_i/diablo_gt.diablo_gt_phy_wrapper/gt_wizard.gtwizard_top_i/PcieBridge_xdma_0_0_pcie4_ip_gt_i/inst/gen_gtwizard_gtye4_top.PcieBridge_xdma_0_0_pcie4_ip_gt_gtwizard_gtye4_inst/gen_gtwizard_gtye4.gen_cpll_cal_gtye4.gen_cpll_cal_inst[0].gen_inst_cpll_cal.gtwizard_ultrascale_v1_7_18_gtye4_cpll_cal_inst/gtwizard_ultrascale_v1_7_18_gtye4_cpll_cal_tx_i/txoutclkmon |
+-----------+-----------------+-------------------+-------------------------------------------------------------------------------------------------------------------------------------------------------------------------------------------------------------------------------------------------------------------------------------------------------------------------------------------------------------------------------------------------------------------------------------------------------------------+-------------+---------------+----------+-------------+----------+----------------+----------+----------------------------------------------------------------------------------------------------------------------------------------------------------------------------------------------------------------------------------------------------------------------------------------------------------------------------------------------------------------------------------------------------------------------------------------------------+
* Slice Loads column represents load cell count of all cell types other than IO, GT and clock resources
** IO Loads column represents load cell count of IO types
*** Clocking Loads column represents load cell count that are clock resources (global clock buffer, MMCM, PLL, etc)
**** GT Loads column represents load cell count of GT types


+----+----+----+----+------------+-----------------------+
|    | X0 | X1 | X2 | X3         | HORIZONTAL PROG DELAY |
+----+----+----+----+------------+-----------------------+
| Y3 |  0 |  0 |  0 |          0 |                     - |
| Y2 |  0 |  0 |  0 |          0 |                     - |
| Y1 |  0 |  0 |  0 | (R) (D) 31 |                     0 |
| Y0 |  0 |  0 |  0 |          0 |                     - |
+----+----+----+----+------------+-----------------------+


12. Device Cell Placement Summary for Global Clock g4
-----------------------------------------------------

+-----------+-----------------+-------------------+-------------------------------------------------------------------------------------------------------------------------------------------+-------------+-----------------+----------+-------------+----------+----------------+----------+-------------------------------------------------------------------------------------------------------------------------------------+
| Global Id | Driver Type/Pin | Driver Region (D) | Clock                                                                                                                                     | Period (ns) | Waveform (ns)   | Root (R) | Slice Loads | IO Loads | Clocking Loads | GT Loads | Net                                                                                                                                 |
+-----------+-----------------+-------------------+-------------------------------------------------------------------------------------------------------------------------------------------+-------------+-----------------+----------+-------------+----------+----------------+----------+-------------------------------------------------------------------------------------------------------------------------------------+
| g4        | BUFG_GT/O       | X3Y1              | PcieBridge_i/xdma_0/inst/pcie4_ip_i/inst/PcieBridge_xdma_0_0_pcie4_ip_gt_top_i/diablo_gt.diablo_gt_phy_wrapper/phy_clk_i/bufg_gt_intclk/O |    1000.000 | {0.000 500.000} | X3Y1     |          13 |        0 |              0 |        0 | PcieBridge_i/xdma_0/inst/pcie4_ip_i/inst/PcieBridge_xdma_0_0_pcie4_ip_gt_top_i/diablo_gt.diablo_gt_phy_wrapper/phy_clk_i/CLK_INTCLK |
+-----------+-----------------+-------------------+-------------------------------------------------------------------------------------------------------------------------------------------+-------------+-----------------+----------+-------------+----------+----------------+----------+-------------------------------------------------------------------------------------------------------------------------------------+
* Slice Loads column represents load cell count of all cell types other than IO, GT and clock resources
** IO Loads column represents load cell count of IO types
*** Clocking Loads column represents load cell count that are clock resources (global clock buffer, MMCM, PLL, etc)
**** GT Loads column represents load cell count of GT types


+----+----+----+----+------------+-----------------------+
|    | X0 | X1 | X2 | X3         | HORIZONTAL PROG DELAY |
+----+----+----+----+------------+-----------------------+
| Y3 |  0 |  0 |  0 |          0 |                     - |
| Y2 |  0 |  0 |  0 |          0 |                     - |
| Y1 |  0 |  0 |  0 | (R) (D) 13 |                     0 |
| Y0 |  0 |  0 |  0 |          0 |                     - |
+----+----+----+----+------------+-----------------------+


13. Device Cell Placement Summary for Global Clock g5
-----------------------------------------------------

+-----------+-----------------+-------------------+--------------+-------------+---------------+----------+-------------+----------+----------------+----------+-------------------------------------------------------------+
| Global Id | Driver Type/Pin | Driver Region (D) | Clock        | Period (ns) | Waveform (ns) | Root (R) | Slice Loads | IO Loads | Clocking Loads | GT Loads | Net                                                         |
+-----------+-----------------+-------------------+--------------+-------------+---------------+----------+-------------+----------+----------------+----------+-------------------------------------------------------------+
| g5        | BUFG_GT/O       | X3Y1              | PCIE_CLOCK_P |      10.000 | {0.000 5.000} | X3Y1     |         480 |        0 |              0 |        2 | PcieBridge_i/xdma_0/inst/pcie4_ip_i/inst/bufg_gt_sysclk_n_0 |
+-----------+-----------------+-------------------+--------------+-------------+---------------+----------+-------------+----------+----------------+----------+-------------------------------------------------------------+
* Slice Loads column represents load cell count of all cell types other than IO, GT and clock resources
** IO Loads column represents load cell count of IO types
*** Clocking Loads column represents load cell count that are clock resources (global clock buffer, MMCM, PLL, etc)
**** GT Loads column represents load cell count of GT types


+----+----+----+----+-------------+-----------------------+
|    | X0 | X1 | X2 | X3          | HORIZONTAL PROG DELAY |
+----+----+----+----+-------------+-----------------------+
| Y3 |  0 |  0 |  0 |           0 |                     - |
| Y2 |  0 |  0 |  0 |          27 |                     0 |
| Y1 |  0 |  0 |  0 | (R) (D) 455 |                     0 |
| Y0 |  0 |  0 |  0 |           0 |                     - |
+----+----+----+----+-------------+-----------------------+


14. Device Cell Placement Summary for Global Clock g6
-----------------------------------------------------

+-----------+-----------------+-------------------+------------------------------------------------------------+-------------+----------------+----------+-------------+----------+----------------+----------+-------------------------------------------------------------+
| Global Id | Driver Type/Pin | Driver Region (D) | Clock                                                      | Period (ns) | Waveform (ns)  | Root (R) | Slice Loads | IO Loads | Clocking Loads | GT Loads | Net                                                         |
+-----------+-----------------+-------------------+------------------------------------------------------------+-------------+----------------+----------+-------------+----------+----------------+----------+-------------------------------------------------------------+
| g6        | BUFGCE/O        | X0Y3              | PcieBridge_i/mdm_0/U0/Use_E2.BSCAN_I/Use_E2.BSCANE2_I/DRCK |      33.333 | {0.000 16.667} | X3Y1     |          92 |        0 |              0 |        0 | PcieBridge_i/mdm_0/U0/No_Dbg_Reg_Access.BUFG_DRCK/Dbg_Clk_0 |
+-----------+-----------------+-------------------+------------------------------------------------------------+-------------+----------------+----------+-------------+----------+----------------+----------+-------------------------------------------------------------+
* Slice Loads column represents load cell count of all cell types other than IO, GT and clock resources
** IO Loads column represents load cell count of IO types
*** Clocking Loads column represents load cell count that are clock resources (global clock buffer, MMCM, PLL, etc)
**** GT Loads column represents load cell count of GT types


+----+--------+----+----+--------+-----------------------+
|    | X0     | X1 | X2 | X3     | HORIZONTAL PROG DELAY |
+----+--------+----+----+--------+-----------------------+
| Y3 |  (D) 0 |  0 |  0 |      0 |                     - |
| Y2 |      0 |  0 |  0 |      0 |                     - |
| Y1 |      0 |  0 |  0 | (R) 92 |                     0 |
| Y0 |      0 |  0 |  0 |      0 |                     - |
+----+--------+----+----+--------+-----------------------+


15. Clock Region Cell Placement per Global Clock: Region X2Y0
-------------------------------------------------------------

+-----------+-------+-----------------+------------+-------------+-----------------+------+-------------+------+------+-----+----+------+-----+---------+---------------------------------------------------------------------------------------------------------------------------------------+
| Global Id | Track | Driver Type/Pin | Constraint | Clock Loads | Non-Clock Loads | FF   | Memory LUTs | RAMB | URAM | DSP | GT | MMCM | PLL | Hard IP | Net                                                                                                                                   |
+-----------+-------+-----------------+------------+-------------+-----------------+------+-------------+------+------+-----+----+------+-----+---------+---------------------------------------------------------------------------------------------------------------------------------------+
| g0        | 19    | BUFG_GT/O       | None       |        2978 |               0 | 2867 |         107 |    4 |    0 |   0 |  0 |    0 |   0 |       0 | PcieBridge_i/xdma_0/inst/pcie4_ip_i/inst/PcieBridge_xdma_0_0_pcie4_ip_gt_top_i/diablo_gt.diablo_gt_phy_wrapper/phy_clk_i/CLK_USERCLK  |
| g1        | 22    | BUFG_GT/O       | None       |           3 |               0 |    0 |           0 |    3 |    0 |   0 |  0 |    0 |   0 |       0 | PcieBridge_i/xdma_0/inst/pcie4_ip_i/inst/PcieBridge_xdma_0_0_pcie4_ip_gt_top_i/diablo_gt.diablo_gt_phy_wrapper/phy_clk_i/CLK_CORECLK  |
| g2+       | 20    | BUFG_GT/O       | None       |           0 |               0 |    0 |           0 |    0 |    0 |   0 |  0 |    0 |   0 |       0 | PcieBridge_i/xdma_0/inst/pcie4_ip_i/inst/PcieBridge_xdma_0_0_pcie4_ip_gt_top_i/diablo_gt.diablo_gt_phy_wrapper/phy_clk_i/CLK_PCLK2_GT |
+-----------+-------+-----------------+------------+-------------+-----------------+------+-------------+------+------+-----+----+------+-----+---------+---------------------------------------------------------------------------------------------------------------------------------------+
* Clock Loads column represents cell count of net connects that connect to a clock pin. Internal cell leaf pins are not considered
** Non-Clock Loads column represents cell count of non-clock pin loads
*** Columns FF, LUTRAM, RAMB through 'Hard IP' represents load cell counts
**** In Global Id column, sympbol '+' indicates that global clock was used only to route through the clock region.


16. Clock Region Cell Placement per Global Clock: Region X3Y0
-------------------------------------------------------------

+-----------+-------+-----------------+------------+-------------+-----------------+------+-------------+------+------+-----+----+------+-----+---------+---------------------------------------------------------------------------------------------------------------------------------------+
| Global Id | Track | Driver Type/Pin | Constraint | Clock Loads | Non-Clock Loads | FF   | Memory LUTs | RAMB | URAM | DSP | GT | MMCM | PLL | Hard IP | Net                                                                                                                                   |
+-----------+-------+-----------------+------------+-------------+-----------------+------+-------------+------+------+-----+----+------+-----+---------+---------------------------------------------------------------------------------------------------------------------------------------+
| g0        | 19    | BUFG_GT/O       | None       |        6639 |               0 | 6522 |         111 |    5 |    0 |   0 |  0 |    0 |   0 |       1 | PcieBridge_i/xdma_0/inst/pcie4_ip_i/inst/PcieBridge_xdma_0_0_pcie4_ip_gt_top_i/diablo_gt.diablo_gt_phy_wrapper/phy_clk_i/CLK_USERCLK  |
| g1        | 22    | BUFG_GT/O       | None       |        1891 |               0 | 1872 |           0 |   18 |    0 |   0 |  0 |    0 |   0 |       1 | PcieBridge_i/xdma_0/inst/pcie4_ip_i/inst/PcieBridge_xdma_0_0_pcie4_ip_gt_top_i/diablo_gt.diablo_gt_phy_wrapper/phy_clk_i/CLK_CORECLK  |
| g2        | 20    | BUFG_GT/O       | None       |           7 |               0 |    6 |           0 |    0 |    0 |   0 |  0 |    0 |   0 |       1 | PcieBridge_i/xdma_0/inst/pcie4_ip_i/inst/PcieBridge_xdma_0_0_pcie4_ip_gt_top_i/diablo_gt.diablo_gt_phy_wrapper/phy_clk_i/CLK_PCLK2_GT |
+-----------+-------+-----------------+------------+-------------+-----------------+------+-------------+------+------+-----+----+------+-----+---------+---------------------------------------------------------------------------------------------------------------------------------------+
* Clock Loads column represents cell count of net connects that connect to a clock pin. Internal cell leaf pins are not considered
** Non-Clock Loads column represents cell count of non-clock pin loads
*** Columns FF, LUTRAM, RAMB through 'Hard IP' represents load cell counts


17. Clock Region Cell Placement per Global Clock: Region X2Y1
-------------------------------------------------------------

+-----------+-------+-----------------+------------+-------------+-----------------+-----+-------------+------+------+-----+----+------+-----+---------+---------------------------------------------------------------------------------------------------------------------------------------+
| Global Id | Track | Driver Type/Pin | Constraint | Clock Loads | Non-Clock Loads | FF  | Memory LUTs | RAMB | URAM | DSP | GT | MMCM | PLL | Hard IP | Net                                                                                                                                   |
+-----------+-------+-----------------+------------+-------------+-----------------+-----+-------------+------+------+-----+----+------+-----+---------+---------------------------------------------------------------------------------------------------------------------------------------+
| g0        | 19    | BUFG_GT/O       | None       |         315 |               0 | 314 |           1 |    0 |    0 |   0 |  0 |    0 |   0 |       0 | PcieBridge_i/xdma_0/inst/pcie4_ip_i/inst/PcieBridge_xdma_0_0_pcie4_ip_gt_top_i/diablo_gt.diablo_gt_phy_wrapper/phy_clk_i/CLK_USERCLK  |
| g1+       | 22    | BUFG_GT/O       | None       |           0 |               0 |   0 |           0 |    0 |    0 |   0 |  0 |    0 |   0 |       0 | PcieBridge_i/xdma_0/inst/pcie4_ip_i/inst/PcieBridge_xdma_0_0_pcie4_ip_gt_top_i/diablo_gt.diablo_gt_phy_wrapper/phy_clk_i/CLK_CORECLK  |
| g2+       | 20    | BUFG_GT/O       | None       |           0 |               0 |   0 |           0 |    0 |    0 |   0 |  0 |    0 |   0 |       0 | PcieBridge_i/xdma_0/inst/pcie4_ip_i/inst/PcieBridge_xdma_0_0_pcie4_ip_gt_top_i/diablo_gt.diablo_gt_phy_wrapper/phy_clk_i/CLK_PCLK2_GT |
+-----------+-------+-----------------+------------+-------------+-----------------+-----+-------------+------+------+-----+----+------+-----+---------+---------------------------------------------------------------------------------------------------------------------------------------+
* Clock Loads column represents cell count of net connects that connect to a clock pin. Internal cell leaf pins are not considered
** Non-Clock Loads column represents cell count of non-clock pin loads
*** Columns FF, LUTRAM, RAMB through 'Hard IP' represents load cell counts
**** In Global Id column, sympbol '+' indicates that global clock was used only to route through the clock region.


18. Clock Region Cell Placement per Global Clock: Region X3Y1
-------------------------------------------------------------

+-----------+-------+-----------------+------------+-------------+-----------------+------+-------------+------+------+-----+----+------+-----+---------+----------------------------------------------------------------------------------------------------------------------------------------------------------------------------------------------------------------------------------------------------------------------------------------------------------------------------------------------------------------------------------------------------------------------------------------------------+
| Global Id | Track | Driver Type/Pin | Constraint | Clock Loads | Non-Clock Loads | FF   | Memory LUTs | RAMB | URAM | DSP | GT | MMCM | PLL | Hard IP | Net                                                                                                                                                                                                                                                                                                                                                                                                                                                |
+-----------+-------+-----------------+------------+-------------+-----------------+------+-------------+------+------+-----+----+------+-----+---------+----------------------------------------------------------------------------------------------------------------------------------------------------------------------------------------------------------------------------------------------------------------------------------------------------------------------------------------------------------------------------------------------------------------------------------------------------+
| g0        | 19    | BUFG_GT/O       | None       |        1093 |               0 | 1067 |          23 |    2 |    0 |   0 |  0 |    0 |   0 |       0 | PcieBridge_i/xdma_0/inst/pcie4_ip_i/inst/PcieBridge_xdma_0_0_pcie4_ip_gt_top_i/diablo_gt.diablo_gt_phy_wrapper/phy_clk_i/CLK_USERCLK                                                                                                                                                                                                                                                                                                               |
| g1        | 22    | BUFG_GT/O       | None       |          38 |               0 |   37 |           0 |    1 |    0 |   0 |  0 |    0 |   0 |       0 | PcieBridge_i/xdma_0/inst/pcie4_ip_i/inst/PcieBridge_xdma_0_0_pcie4_ip_gt_top_i/diablo_gt.diablo_gt_phy_wrapper/phy_clk_i/CLK_CORECLK                                                                                                                                                                                                                                                                                                               |
| g5        | 18    | BUFG_GT/O       | None       |         455 |               0 |  445 |           8 |    0 |    0 |   0 |  1 |    0 |   0 |       0 | PcieBridge_i/xdma_0/inst/pcie4_ip_i/inst/bufg_gt_sysclk_n_0                                                                                                                                                                                                                                                                                                                                                                                        |
| g2        | 20    | BUFG_GT/O       | None       |         292 |               0 |  291 |           0 |    0 |    0 |   0 |  1 |    0 |   0 |       0 | PcieBridge_i/xdma_0/inst/pcie4_ip_i/inst/PcieBridge_xdma_0_0_pcie4_ip_gt_top_i/diablo_gt.diablo_gt_phy_wrapper/phy_clk_i/CLK_PCLK2_GT                                                                                                                                                                                                                                                                                                              |
| g6        | 0     | BUFGCE/O        | None       |          92 |               0 |   85 |           7 |    0 |    0 |   0 |  0 |    0 |   0 |       0 | PcieBridge_i/mdm_0/U0/No_Dbg_Reg_Access.BUFG_DRCK/Dbg_Clk_0                                                                                                                                                                                                                                                                                                                                                                                        |
| g3        | 23    | BUFG_GT/O       | None       |          31 |               0 |   31 |           0 |    0 |    0 |   0 |  0 |    0 |   0 |       0 | PcieBridge_i/xdma_0/inst/pcie4_ip_i/inst/PcieBridge_xdma_0_0_pcie4_ip_gt_top_i/diablo_gt.diablo_gt_phy_wrapper/gt_wizard.gtwizard_top_i/PcieBridge_xdma_0_0_pcie4_ip_gt_i/inst/gen_gtwizard_gtye4_top.PcieBridge_xdma_0_0_pcie4_ip_gt_gtwizard_gtye4_inst/gen_gtwizard_gtye4.gen_cpll_cal_gtye4.gen_cpll_cal_inst[0].gen_inst_cpll_cal.gtwizard_ultrascale_v1_7_18_gtye4_cpll_cal_inst/gtwizard_ultrascale_v1_7_18_gtye4_cpll_cal_tx_i/txoutclkmon |
| g4        | 21    | BUFG_GT/O       | None       |          13 |               0 |   13 |           0 |    0 |    0 |   0 |  0 |    0 |   0 |       0 | PcieBridge_i/xdma_0/inst/pcie4_ip_i/inst/PcieBridge_xdma_0_0_pcie4_ip_gt_top_i/diablo_gt.diablo_gt_phy_wrapper/phy_clk_i/CLK_INTCLK                                                                                                                                                                                                                                                                                                                |
+-----------+-------+-----------------+------------+-------------+-----------------+------+-------------+------+------+-----+----+------+-----+---------+----------------------------------------------------------------------------------------------------------------------------------------------------------------------------------------------------------------------------------------------------------------------------------------------------------------------------------------------------------------------------------------------------------------------------------------------------+
* Clock Loads column represents cell count of net connects that connect to a clock pin. Internal cell leaf pins are not considered
** Non-Clock Loads column represents cell count of non-clock pin loads
*** Columns FF, LUTRAM, RAMB through 'Hard IP' represents load cell counts


19. Clock Region Cell Placement per Global Clock: Region X3Y2
-------------------------------------------------------------

+-----------+-------+-----------------+------------+-------------+-----------------+----+-------------+------+------+-----+----+------+-----+---------+-------------------------------------------------------------+
| Global Id | Track | Driver Type/Pin | Constraint | Clock Loads | Non-Clock Loads | FF | Memory LUTs | RAMB | URAM | DSP | GT | MMCM | PLL | Hard IP | Net                                                         |
+-----------+-------+-----------------+------------+-------------+-----------------+----+-------------+------+------+-----+----+------+-----+---------+-------------------------------------------------------------+
| g5        | 18    | BUFG_GT/O       | None       |          27 |               0 | 27 |           0 |    0 |    0 |   0 |  0 |    0 |   0 |       0 | PcieBridge_i/xdma_0/inst/pcie4_ip_i/inst/bufg_gt_sysclk_n_0 |
| g6+       | 0     | BUFGCE/O        | None       |           0 |               0 |  0 |           0 |    0 |    0 |   0 |  0 |    0 |   0 |       0 | PcieBridge_i/mdm_0/U0/No_Dbg_Reg_Access.BUFG_DRCK/Dbg_Clk_0 |
+-----------+-------+-----------------+------------+-------------+-----------------+----+-------------+------+------+-----+----+------+-----+---------+-------------------------------------------------------------+
* Clock Loads column represents cell count of net connects that connect to a clock pin. Internal cell leaf pins are not considered
** Non-Clock Loads column represents cell count of non-clock pin loads
*** Columns FF, LUTRAM, RAMB through 'Hard IP' represents load cell counts
**** In Global Id column, sympbol '+' indicates that global clock was used only to route through the clock region.


