Copyright 1986-2022 Xilinx, Inc. All Rights Reserved. Copyright 2022-2024 Advanced Micro Devices, Inc. All Rights Reserved.
----------------------------------------------------------------------------------------------------------------------------------------------------------------
| Tool Version     : Vivado v.2024.1 (win64) Build 5076996 Wed May 22 18:37:14 MDT 2024
| Date             : Thu Oct  3 15:33:42 2024
| Host             : BDCGEHARRIS01 running 64-bit major release  (build 9200)
| Command          : report_power -file TopMi400EamPoc_power_routed.rpt -pb TopMi400EamPoc_power_summary_routed.pb -rpx TopMi400EamPoc_power_routed.rpx
| Design           : TopMi400EamPoc
| Device           : xcau25p-ffvb676-2-e
| Design State     : routed
| Grade            : extended
| Process          : typical
| Characterization : Production
----------------------------------------------------------------------------------------------------------------------------------------------------------------

Power Report

Table of Contents
-----------------
1. Summary
1.1 On-Chip Components
1.2 Power Supply Summary
1.3 Confidence Level
2. Settings
2.1 Environment
2.2 Clock Constraints
3. Detailed Reports
3.1 By Hierarchy

1. Summary
----------

+--------------------------+--------------+
| Total On-Chip Power (W)  | 1.368        |
| Design Power Budget (W)  | Unspecified* |
| Power Budget Margin (W)  | NA           |
| Dynamic (W)              | 0.831        |
| Device Static (W)        | 0.537        |
| Effective TJA (C/W)      | 1.7          |
| Max Ambient (C)          | 97.6         |
| Junction Temperature (C) | 27.4         |
| Confidence Level         | Medium       |
| Setting File             | ---          |
| Simulation Activity File | ---          |
| Design Nets Matched      | NA           |
+--------------------------+--------------+
* Specify Design Power Budget using, set_operating_conditions -design_power_budget <value in Watts>


1.1 On-Chip Components
----------------------

+--------------------------+-----------+----------+-----------+-----------------+
| On-Chip                  | Power (W) | Used     | Available | Utilization (%) |
+--------------------------+-----------+----------+-----------+-----------------+
| Clocks                   |     0.066 |       17 |       --- |             --- |
| CLB Logic                |     0.040 |    28393 |       --- |             --- |
|   LUT as Logic           |     0.027 |     9023 |    141000 |            6.40 |
|   LUT as Distributed RAM |     0.008 |     1268 |     99840 |            1.27 |
|   Register               |     0.004 |    13603 |    282000 |            4.82 |
|   CARRY8                 |    <0.001 |      256 |     27120 |            0.94 |
|   LUT as Shift Register  |    <0.001 |       34 |     99840 |            0.03 |
|   Others                 |     0.000 |      355 |       --- |             --- |
|   F7/F8 Muxes            |     0.000 |      220 |    216960 |            0.10 |
| Signals                  |     0.058 |    22999 |       --- |             --- |
| Block RAM                |     0.167 |       31 |       300 |           10.33 |
| I/O                      |     0.006 |        1 |       280 |            0.36 |
| GTY                      |     0.379 |        1 |        12 |            8.33 |
| Hard IPs                 |     0.116 |        1 |       --- |             --- |
|   PCIE                   |     0.116 |        1 |       --- |             --- |
| Static Power             |     0.537 |          |           |                 |
| Total                    |     1.368 |          |           |                 |
+--------------------------+-----------+----------+-----------+-----------------+


1.2 Power Supply Summary
------------------------

+------------+-------------+-----------+-------------+------------+-------------+-------------+------------+
| Source     | Voltage (V) | Total (A) | Dynamic (A) | Static (A) | Powerup (A) | Budget (A)  | Margin (A) |
+------------+-------------+-----------+-------------+------------+-------------+-------------+------------+
| Vccint     |       0.850 |     0.688 |       0.542 |      0.146 |       NA    | Unspecified | NA         |
| Vccint_io  |       0.850 |     0.036 |       0.001 |      0.036 |       NA    | Unspecified | NA         |
| Vccbram    |       0.850 |     0.029 |       0.027 |      0.002 |       NA    | Unspecified | NA         |
| Vccaux     |       1.800 |     0.128 |       0.000 |      0.128 |       NA    | Unspecified | NA         |
| Vccaux_io  |       1.800 |     0.034 |       0.003 |      0.031 |       NA    | Unspecified | NA         |
| Vcco33     |       3.300 |     0.007 |       0.000 |      0.007 |       NA    | Unspecified | NA         |
| Vcco25     |       2.500 |     0.000 |       0.000 |      0.000 |       NA    | Unspecified | NA         |
| Vcco18     |       1.800 |     0.000 |       0.000 |      0.000 |       NA    | Unspecified | NA         |
| Vcco15     |       1.500 |     0.000 |       0.000 |      0.000 |       NA    | Unspecified | NA         |
| Vcco135    |       1.350 |     0.000 |       0.000 |      0.000 |       NA    | Unspecified | NA         |
| Vcco12     |       1.200 |     0.000 |       0.000 |      0.000 |       NA    | Unspecified | NA         |
| Vcco10     |       1.000 |     0.000 |       0.000 |      0.000 |       NA    | Unspecified | NA         |
| Vccadc     |       1.800 |     0.008 |       0.000 |      0.008 |       NA    | Unspecified | NA         |
| MGTYAVcc   |       0.900 |     0.098 |       0.062 |      0.036 |       NA    | Unspecified | NA         |
| MGTYAVtt   |       1.200 |     0.227 |       0.209 |      0.018 |       NA    | Unspecified | NA         |
| MGTYVccaux |       1.800 |     0.022 |       0.019 |      0.002 |       NA    | Unspecified | NA         |
+------------+-------------+-----------+-------------+------------+-------------+-------------+------------+


1.3 Confidence Level
--------------------

+-----------------------------+------------+------------------------------------------------+------------------------------------------------------------------------------------------------------------+
| User Input Data             | Confidence | Details                                        | Action                                                                                                     |
+-----------------------------+------------+------------------------------------------------+------------------------------------------------------------------------------------------------------------+
| Design implementation state | High       | Design is routed                               |                                                                                                            |
| Clock nodes activity        | High       | User specified more than 95% of clocks         |                                                                                                            |
| I/O nodes activity          | High       | User specified more than 95% of inputs         |                                                                                                            |
| Internal nodes activity     | Medium     | User specified less than 25% of internal nodes | Provide missing internal nodes activity with simulation results or by editing the "By Resource Type" views |
| Device models               | High       | Device models are Production                   |                                                                                                            |
|                             |            |                                                |                                                                                                            |
| Overall confidence level    | Medium     |                                                |                                                                                                            |
+-----------------------------+------------+------------------------------------------------+------------------------------------------------------------------------------------------------------------+


2. Settings
-----------

2.1 Environment
---------------

+-----------------------+--------------------------+
| Ambient Temp (C)      | 25.0                     |
| ThetaJA (C/W)         | 1.7                      |
| Airflow (LFM)         | 250                      |
| Heat Sink             | medium (Medium Profile)  |
| ThetaSA (C/W)         | 2.8                      |
| Board Selection       | medium (10"x10")         |
| # of Board Layers     | 12to15 (12 to 15 Layers) |
| Board Temperature (C) | 25.0                     |
+-----------------------+--------------------------+


2.2 Clock Constraints
---------------------

+-------------------------------------------------------------------------------------------------------------------------------------------------------------------------------------------------------------------------------------------------------------------------------------------------------------------------------------------------------------------------------------------------------------------------------------------------------------------+----------------------------------------------------------------------------------------------------------------------------------------------------------------------------------------------------------------------------------------------------------------------------------------------------------------------------------------------------------------------------------------------------------------------------------------------------+-----------------+
| Clock                                                                                                                                                                                                                                                                                                                                                                                                                                                             | Domain                                                                                                                                                                                                                                                                                                                                                                                                                                             | Constraint (ns) |
+-------------------------------------------------------------------------------------------------------------------------------------------------------------------------------------------------------------------------------------------------------------------------------------------------------------------------------------------------------------------------------------------------------------------------------------------------------------------+----------------------------------------------------------------------------------------------------------------------------------------------------------------------------------------------------------------------------------------------------------------------------------------------------------------------------------------------------------------------------------------------------------------------------------------------------+-----------------+
| AxiBusClock                                                                                                                                                                                                                                                                                                                                                                                                                                                       | PcieBridge_i/xdma_0/inst/pcie4_ip_i/inst/PcieBridge_xdma_0_0_pcie4_ip_gt_top_i/diablo_gt.diablo_gt_phy_wrapper/phy_clk_i/CLK_USERCLK                                                                                                                                                                                                                                                                                                               |             8.0 |
| PCIE_CLOCK_P                                                                                                                                                                                                                                                                                                                                                                                                                                                      | PCIE_CLOCK_P                                                                                                                                                                                                                                                                                                                                                                                                                                       |            10.0 |
| PcieBridge_i/mdm_0/U0/Use_E2.BSCAN_I/Use_E2.BSCANE2_I/DRCK                                                                                                                                                                                                                                                                                                                                                                                                        | PcieBridge_i/mdm_0/U0/Use_E2.BSCAN_I/DRCK                                                                                                                                                                                                                                                                                                                                                                                                          |            33.3 |
| PcieBridge_i/mdm_0/U0/Use_E2.BSCAN_I/Use_E2.BSCANE2_I/UPDATE                                                                                                                                                                                                                                                                                                                                                                                                      | PcieBridge_i/mdm_0/U0/Use_E2.BSCAN_I/Dbg_Update_0                                                                                                                                                                                                                                                                                                                                                                                                  |            66.7 |
| PcieBridge_i/xdma_0/inst/pcie4_ip_i/inst/PcieBridge_xdma_0_0_pcie4_ip_gt_top_i/diablo_gt.diablo_gt_phy_wrapper/gt_wizard.gtwizard_top_i/PcieBridge_xdma_0_0_pcie4_ip_gt_i/inst/gen_gtwizard_gtye4_top.PcieBridge_xdma_0_0_pcie4_ip_gt_gtwizard_gtye4_inst/gen_gtwizard_gtye4.gen_cpll_cal_gtye4.gen_cpll_cal_inst[0].gen_inst_cpll_cal.gtwizard_ultrascale_v1_7_18_gtye4_cpll_cal_inst/gtwizard_ultrascale_v1_7_18_gtye4_cpll_cal_tx_i/bufg_gt_txoutclkmon_inst/O | PcieBridge_i/xdma_0/inst/pcie4_ip_i/inst/PcieBridge_xdma_0_0_pcie4_ip_gt_top_i/diablo_gt.diablo_gt_phy_wrapper/gt_wizard.gtwizard_top_i/PcieBridge_xdma_0_0_pcie4_ip_gt_i/inst/gen_gtwizard_gtye4_top.PcieBridge_xdma_0_0_pcie4_ip_gt_gtwizard_gtye4_inst/gen_gtwizard_gtye4.gen_cpll_cal_gtye4.gen_cpll_cal_inst[0].gen_inst_cpll_cal.gtwizard_ultrascale_v1_7_18_gtye4_cpll_cal_inst/gtwizard_ultrascale_v1_7_18_gtye4_cpll_cal_tx_i/txoutclkmon |             8.0 |
| PcieBridge_i/xdma_0/inst/pcie4_ip_i/inst/PcieBridge_xdma_0_0_pcie4_ip_gt_top_i/diablo_gt.diablo_gt_phy_wrapper/phy_clk_i/bufg_gt_intclk/O                                                                                                                                                                                                                                                                                                                         | PcieBridge_i/xdma_0/inst/pcie4_ip_i/inst/PcieBridge_xdma_0_0_pcie4_ip_gt_top_i/diablo_gt.diablo_gt_phy_wrapper/phy_clk_i/CLK_INTCLK                                                                                                                                                                                                                                                                                                                |          1000.0 |
| PcieBridge_xdma_0_0_pcie4_ip_gt_top_i_n_15                                                                                                                                                                                                                                                                                                                                                                                                                        | PcieBridge_i/xdma_0/inst/pcie4_ip_i/inst/PcieBridge_xdma_0_0_pcie4_ip_gt_top_i/diablo_gt.diablo_gt_phy_wrapper/phy_clk_i/CLK_CORECLK                                                                                                                                                                                                                                                                                                               |             4.0 |
| pipe_clk                                                                                                                                                                                                                                                                                                                                                                                                                                                          | PcieBridge_i/xdma_0/inst/pcie4_ip_i/inst/PcieBridge_xdma_0_0_pcie4_ip_gt_top_i/diablo_gt.diablo_gt_phy_wrapper/phy_clk_i/CLK_PCLK2_GT                                                                                                                                                                                                                                                                                                              |             4.0 |
| qpll0outclk_out[0]                                                                                                                                                                                                                                                                                                                                                                                                                                                | PcieBridge_i/xdma_0/inst/pcie4_ip_i/inst/PcieBridge_xdma_0_0_pcie4_ip_gt_top_i/diablo_gt.diablo_gt_phy_wrapper/gt_wizard.gtwizard_top_i/PcieBridge_xdma_0_0_pcie4_ip_gt_i/inst/gen_gtwizard_gtye4_top.PcieBridge_xdma_0_0_pcie4_ip_gt_gtwizard_gtye4_inst/gen_gtwizard_gtye4.gen_common.gen_common_container[1].gen_enabled_common.gtye4_common_wrapper_inst/common_inst/qpll0outclk_out[0]                                                        |             0.2 |
| qpll0outrefclk_out[0]                                                                                                                                                                                                                                                                                                                                                                                                                                             | PcieBridge_i/xdma_0/inst/pcie4_ip_i/inst/PcieBridge_xdma_0_0_pcie4_ip_gt_top_i/diablo_gt.diablo_gt_phy_wrapper/gt_wizard.gtwizard_top_i/PcieBridge_xdma_0_0_pcie4_ip_gt_i/inst/gen_gtwizard_gtye4_top.PcieBridge_xdma_0_0_pcie4_ip_gt_gtwizard_gtye4_inst/gen_gtwizard_gtye4.gen_common.gen_common_container[1].gen_enabled_common.gtye4_common_wrapper_inst/common_inst/qpll0outrefclk_out[0]                                                     |            10.0 |
| qpll1outclk_out[0]                                                                                                                                                                                                                                                                                                                                                                                                                                                | PcieBridge_i/xdma_0/inst/pcie4_ip_i/inst/PcieBridge_xdma_0_0_pcie4_ip_gt_top_i/diablo_gt.diablo_gt_phy_wrapper/gt_wizard.gtwizard_top_i/PcieBridge_xdma_0_0_pcie4_ip_gt_i/inst/gen_gtwizard_gtye4_top.PcieBridge_xdma_0_0_pcie4_ip_gt_gtwizard_gtye4_inst/gen_gtwizard_gtye4.gen_common.gen_common_container[1].gen_enabled_common.gtye4_common_wrapper_inst/common_inst/qpll1outclk_out[0]                                                        |             0.2 |
| qpll1outrefclk_out[0]                                                                                                                                                                                                                                                                                                                                                                                                                                             | PcieBridge_i/xdma_0/inst/pcie4_ip_i/inst/PcieBridge_xdma_0_0_pcie4_ip_gt_top_i/diablo_gt.diablo_gt_phy_wrapper/gt_wizard.gtwizard_top_i/PcieBridge_xdma_0_0_pcie4_ip_gt_i/inst/gen_gtwizard_gtye4_top.PcieBridge_xdma_0_0_pcie4_ip_gt_gtwizard_gtye4_inst/gen_gtwizard_gtye4.gen_common.gen_common_container[1].gen_enabled_common.gtye4_common_wrapper_inst/common_inst/qpll1outrefclk_out[0]                                                     |            10.0 |
| txoutclk_out[0]                                                                                                                                                                                                                                                                                                                                                                                                                                                   | PcieBridge_i/xdma_0/inst/pcie4_ip_i/inst/PcieBridge_xdma_0_0_pcie4_ip_gt_top_i/diablo_gt.diablo_gt_phy_wrapper/gt_wizard.gtwizard_top_i/PcieBridge_xdma_0_0_pcie4_ip_gt_i/inst/gen_gtwizard_gtye4_top.PcieBridge_xdma_0_0_pcie4_ip_gt_gtwizard_gtye4_inst/gen_gtwizard_gtye4.gen_channel_container[1].gen_enabled_channel.gtye4_channel_wrapper_inst/channel_inst/txoutclk_out[0]                                                                  |             2.0 |
+-------------------------------------------------------------------------------------------------------------------------------------------------------------------------------------------------------------------------------------------------------------------------------------------------------------------------------------------------------------------------------------------------------------------------------------------------------------------+----------------------------------------------------------------------------------------------------------------------------------------------------------------------------------------------------------------------------------------------------------------------------------------------------------------------------------------------------------------------------------------------------------------------------------------------------+-----------------+


3. Detailed Reports
-------------------

3.1 By Hierarchy
----------------

+-----------------+-----------+
| Name            | Power (W) |
+-----------------+-----------+
| TopMi400EamPoc  |     0.831 |
|   PcieBridge_i  |     0.831 |
|     util_ds_buf |     0.006 |
|       U0        |     0.006 |
|     xdma_0      |     0.824 |
|       inst      |     0.824 |
+-----------------+-----------+


